<?xml version="1.0" encoding="utf-8"?><testsuites name="pytest tests"><testsuite name="pytest" errors="0" failures="0" skipped="0" tests="12" time="0.931" timestamp="2026-01-31T03:50:06.980357+00:00" hostname="agent-env-ac5b54b5-75f0-4c9a-a6b1-4b4d57f9ca02"><testcase classname="backend.tests.test_new_features_iteration4.TestVehicleBodyStyleFeature" name="test_body_style_saved_in_calculation" time="0.353" /><testcase classname="backend.tests.test_new_features_iteration4.TestVehicleBodyStyleFeature" name="test_body_style_suv_saved" time="0.037" /><testcase classname="backend.tests.test_new_features_iteration4.TestVehicleBodyStyleFeature" name="test_body_style_pickup_saved" time="0.042" /><testcase classname="backend.tests.test_new_features_iteration4.TestVehicleBodyStyleFeature" name="test_body_style_appears_in_history" time="0.049" /><testcase classname="backend.tests.test_new_features_iteration4.TestVehicleTemplateBodyStyle" name="test_template_includes_body_style_column" time="0.043" /><testcase classname="backend.tests.test_new_features_iteration4.TestVehicleTemplateBodyStyle" name="test_template_has_body_style_sample_data" time="0.036" /><testcase classname="backend.tests.test_new_features_iteration4.TestVehicleCalculationFlow" name="test_single_calculation_returns_total_landed_cost" time="0.034" /><testcase classname="backend.tests.test_new_features_iteration4.TestVehicleCalculationFlow" name="test_calculation_breakdown_complete" time="0.034" /><testcase classname="backend.tests.test_new_features_iteration4.TestVehicleOldVehicleWarnings" name="test_old_vehicle_gets_warning" time="0.038" /><testcase classname="backend.tests.test_new_features_iteration4.TestVehicleOldVehicleWarnings" name="test_old_vehicle_environmental_levy" time="0.039" /><testcase classname="backend.tests.test_new_features_iteration4.TestHSCodeLibraryEndpoint" name="test_get_hs_codes_returns_200" time="0.049" /><testcase classname="backend.tests.test_new_features_iteration4.TestHSCodeLibraryEndpoint" name="test_hs_codes_have_restricted_and_permit_flags" time="0.045" /></testsuite></testsuites>