<?xml version="1.0" encoding="utf-8"?><testsuites name="pytest tests"><testsuite name="pytest" errors="0" failures="0" skipped="0" tests="12" time="30.633" timestamp="2026-01-31T01:40:48.922715+00:00" hostname="agent-env-641f5aba-fd98-4111-a8ec-01163e3fbe7e"><testcase classname="backend.tests.test_new_features.TestAuthentication" name="test_login_success" time="0.296" /><testcase classname="backend.tests.test_new_features.TestClassiChat" name="test_classi_chat_endpoint_exists" time="4.542" /><testcase classname="backend.tests.test_new_features.TestClassiChat" name="test_classi_chat_forms_question" time="9.528" /><testcase classname="backend.tests.test_new_features.TestClassiChat" name="test_classi_chat_hs_code_help" time="15.294" /><testcase classname="backend.tests.test_new_features.TestClassiChat" name="test_classi_chat_requires_auth" time="0.061" /><testcase classname="backend.tests.test_new_features.TestHSCodeAutoSuggest" name="test_suggest_endpoint_exists" time="0.303" /><testcase classname="backend.tests.test_new_features.TestHSCodeAutoSuggest" name="test_suggest_returns_array" time="0.052" /><testcase classname="backend.tests.test_new_features.TestHSCodeAutoSuggest" name="test_suggest_short_query_returns_empty" time="0.038" /><testcase classname="backend.tests.test_new_features.TestHSCodeAutoSuggest" name="test_suggest_requires_auth" time="0.036" /><testcase classname="backend.tests.test_new_features.TestHSCodeAutoSuggest" name="test_suggest_with_limit" time="0.035" /><testcase classname="backend.tests.test_new_features.TestHSCodeLibrarySearch" name="test_hs_codes_list" time="0.300" /><testcase classname="backend.tests.test_new_features.TestHSCodeLibrarySearch" name="test_hs_codes_search" time="0.039" /></testsuite></testsuites>