<?xml version="1.0" encoding="utf-8"?><testsuites name="pytest tests"><testsuite name="pytest" errors="0" failures="0" skipped="0" tests="21" time="1.217" timestamp="2026-01-31T02:45:04.903245+00:00" hostname="agent-env-2e40913d-3df6-4b17-ac38-b9ff4118bb62"><testcase classname="backend.tests.test_vehicle_calculator.TestVehicleRatesEndpoint" name="test_get_rates_returns_200" time="0.343" /><testcase classname="backend.tests.test_vehicle_calculator.TestVehicleRatesEndpoint" name="test_rates_contains_all_vehicle_types" time="0.043" /><testcase classname="backend.tests.test_vehicle_calculator.TestVehicleRatesEndpoint" name="test_electric_rates_have_correct_tiers" time="0.039" /><testcase classname="backend.tests.test_vehicle_calculator.TestVehicleRatesEndpoint" name="test_rates_include_additional_fees" time="0.034" /><testcase classname="backend.tests.test_vehicle_calculator.TestVehicleChecklistEndpoint" name="test_get_checklist_returns_200" time="0.040" /><testcase classname="backend.tests.test_vehicle_calculator.TestVehicleChecklistEndpoint" name="test_checklist_has_client_and_broker_sections" time="0.033" /><testcase classname="backend.tests.test_vehicle_calculator.TestVehicleChecklistEndpoint" name="test_client_checklist_has_required_categories" time="0.034" /><testcase classname="backend.tests.test_vehicle_calculator.TestVehicleCalculateEndpoint" name="test_electric_under_50k_gets_10_percent" time="0.041" /><testcase classname="backend.tests.test_vehicle_calculator.TestVehicleCalculateEndpoint" name="test_electric_over_50k_gets_25_percent" time="0.032" /><testcase classname="backend.tests.test_vehicle_calculator.TestVehicleCalculateEndpoint" name="test_gasoline_under_1500cc_gets_45_percent" time="0.035" /><testcase classname="backend.tests.test_vehicle_calculator.TestVehicleCalculateEndpoint" name="test_gasoline_1500_2000cc_under_50k_gets_45_percent" time="0.042" /><testcase classname="backend.tests.test_vehicle_calculator.TestVehicleCalculateEndpoint" name="test_gasoline_1500_2000cc_over_50k_gets_65_percent" time="0.034" /><testcase classname="backend.tests.test_vehicle_calculator.TestVehicleCalculateEndpoint" name="test_gasoline_over_2000cc_gets_65_percent" time="0.035" /><testcase classname="backend.tests.test_vehicle_calculator.TestVehicleCalculateEndpoint" name="test_commercial_vehicle_gets_65_percent" time="0.035" /><testcase classname="backend.tests.test_vehicle_calculator.TestVehicleCalculateEndpoint" name="test_total_landed_cost_calculation" time="0.035" /><testcase classname="backend.tests.test_vehicle_calculator.TestVehicleCalculateEndpoint" name="test_hybrid_vehicle_same_as_electric" time="0.034" /><testcase classname="backend.tests.test_vehicle_calculator.TestVehicleCalculateEndpoint" name="test_missing_required_fields_returns_422" time="0.039" /><testcase classname="backend.tests.test_vehicle_calculator.TestVehicleCalculationsHistory" name="test_get_calculations_returns_200" time="0.043" /><testcase classname="backend.tests.test_vehicle_calculator.TestVehicleCalculationsHistory" name="test_calculations_returns_list" time="0.037" /><testcase classname="backend.tests.test_vehicle_calculator.TestVehicleTemplate" name="test_get_template_returns_200" time="0.041" /><testcase classname="backend.tests.test_vehicle_calculator.TestVehicleTemplate" name="test_template_is_csv" time="0.034" /></testsuite></testsuites>